TN:
SF:C:\Users\hp\Patako\src\app.js
FN:24,(anonymous_0)
FN:34,(anonymous_1)
FNF:2
FNH:2
FNDA:1,(anonymous_0)
FNDA:1,(anonymous_1)
DA:10,1
DA:11,1
DA:12,1
DA:14,1
DA:17,1
DA:18,1
DA:21,1
DA:24,1
DA:25,1
DA:26,1
DA:27,1
DA:28,1
DA:34,1
LF:13
LH:13
BRDA:12,0,0,1
BRDA:12,0,1,1
BRF:2
BRH:2
end_of_record
TN:
SF:C:\Users\hp\Patako\src\test\test.js
FN:23,(anonymous_0)
FN:24,(anonymous_1)
FN:27,(anonymous_2)
FN:36,(anonymous_3)
FN:37,(anonymous_4)
FN:44,(anonymous_5)
FNF:6
FNH:6
FNDA:1,(anonymous_0)
FNDA:1,(anonymous_1)
FNDA:1,(anonymous_2)
FNDA:1,(anonymous_3)
FNDA:1,(anonymous_4)
FNDA:1,(anonymous_5)
DA:6,1
DA:7,1
DA:8,1
DA:23,1
DA:24,1
DA:25,1
DA:28,1
DA:29,1
DA:30,1
DA:36,1
DA:37,1
DA:38,1
DA:45,1
DA:46,1
DA:47,1
DA:48,1
DA:49,1
DA:50,1
LF:18
LH:18
BRF:0
BRH:0
end_of_record
